<?xml version="1.0" encoding="utf-8"?>
<shfbBuild product="Sandcastle Help File Builder and Tools" version="2015.7.25.0" projectFile="c:\ci\jenkins\workspace\EmberPlusSharp_Windows_AnyCpu_Release\Lawo.EmberPlusDoc\Lawo.EmberPlusDoc.shfbproj" started="08.10.2015 22:02:35">
<buildStep step="Initializing">
Finding tools...
The Sandcastle tools are located in &#39;C:\Program Files (x86)\EWSoftware\Sandcastle Help File Builder\&#39;
Locating components in the following folder(s):
    c:\ci\jenkins\workspace\EmberPlusSharp_Windows_AnyCpu_Release\Lawo.EmberPlusDoc
    C:\ProgramData\EWSoftware\Sandcastle Help File Builder\Components and Plug-Ins\
    C:\Program Files (x86)\EWSoftware\Sandcastle Help File Builder\
Framework reflection data location: C:\Program Files (x86)\EWSoftware\Sandcastle Help File Builder\Data\.NETPortable
Using presentation style &#39;VS2013&#39; located in &#39;C:\Program Files (x86)\EWSoftware\Sandcastle Help File Builder\PresentationStyles\VS2013&#39;
Loading and initializing plug-ins...
Bibliography Support Version 2015.7.25.0
Copyright &#169; 2006-2015, Eric Woodruff, All Rights Reserved
Lightweight Website Style Version 2015.7.25.0
Copyright &#169; 2006-2015, Eric Woodruff, All Rights Reserved
Portions Copyright &#169; 2014, Sam Harwell, All Rights Reserved
-------------------------------
Clearing any prior web/markdown output...
</buildStep>
<buildStep step="ValidatingDocumentationSources">
Validating and copying documentation source information
Source: c:\ci\jenkins\workspace\EmberPlusSharp_Windows_AnyCpu_Release\Lawo\Lawo.csproj
    Found project &#39;c:\ci\jenkins\workspace\EmberPlusSharp_Windows_AnyCpu_Release\Lawo\Lawo.csproj&#39;
Source: c:\ci\jenkins\workspace\EmberPlusSharp_Windows_AnyCpu_Release\Lawo.EmberPlus\Lawo.EmberPlus.csproj
    Found project &#39;c:\ci\jenkins\workspace\EmberPlusSharp_Windows_AnyCpu_Release\Lawo.EmberPlus\Lawo.EmberPlus.csproj&#39;

Parsing project files
    Found assembly &#39;c:\ci\jenkins\workspace\EmberPlusSharp_Windows_AnyCpu_Release\Lawo\bin\Release\Lawo.dll&#39;
    Found assembly &#39;c:\ci\jenkins\workspace\EmberPlusSharp_Windows_AnyCpu_Release\Lawo.EmberPlus\bin\Release\Lawo.EmberPlus.dll&#39;

Copying XML comments files
    c:\ci\jenkins\workspace\EmberPlusSharp_Windows_AnyCpu_Release\Lawo\bin\Release\Lawo.XML -&gt; c:\ci\jenkins\workspace\EmberPlusSharp_Windows_AnyCpu_Release\Lawo.EmberPlusDoc\Help\Working\Lawo.XML
    c:\ci\jenkins\workspace\EmberPlusSharp_Windows_AnyCpu_Release\Lawo.EmberPlus\bin\Release\Lawo.EmberPlus.xml -&gt; c:\ci\jenkins\workspace\EmberPlusSharp_Windows_AnyCpu_Release\Lawo.EmberPlusDoc\Help\Working\Lawo.EmberPlus.xml
</buildStep>
<buildStep step="GenerateSharedContent">
Generating shared content files (en-US, English (United States))...
<plugIn name="Lightweight Website Style" behavior="After" priority="1000">
</plugIn>    Last step completed in 00:00:00,0000
</buildStep>
<buildStep step="GenerateApiFilter">
Generating API filter for MRefBuilder...
    Last step completed in 00:00:00,0156
</buildStep>
<buildStep step="GenerateReflectionInfo">
Generating reflection information...
[C:\Program Files (x86)\MSBuild\14.0\bin\MSBuild.exe - GenerateRefInfo.proj]
Build started 08.10.2015 22:02:36.
Project &quot;c:\ci\jenkins\workspace\EmberPlusSharp_Windows_AnyCpu_Release\Lawo.EmberPlusDoc\Help\Working\GenerateRefInfo.proj&quot; on node 1 (default targets).
PrepareForBuild:
  Creating directory &quot;obj\Debug\&quot;.
GenerateRefInfo:
  MRefBuilder (v2015.7.25.0)
  Copyright &#169; 2006-2015, Microsoft Corporation, All Rights Reserved.
  Portions Copyright &#169; 2006-2015, Eric Woodruff, All Rights Reserved.
  Loaded 2 assemblies for reflection and 0 dependency assemblies.
  Wrote information on 12 namespaces, 153 types, and 497 members
  Copying file from &quot;reflection.org&quot; to &quot;reflection.all&quot;.
  XslTransform (v2015.7.25.0)
  Copyright &#169; 2006-2015, Microsoft Corporation, All Rights Reserved.
  Portions Copyright &#169; 2006-2015, Eric Woodruff, All Rights Reserved.
  Applying XSL transformation &#39;C:\Program Files (x86)\EWSoftware\Sandcastle Help File Builder\ProductionTransforms\MergeDuplicates.xsl&#39;.
Done Building Project &quot;c:\ci\jenkins\workspace\EmberPlusSharp_Windows_AnyCpu_Release\Lawo.EmberPlusDoc\Help\Working\GenerateRefInfo.proj&quot; (default targets).

Build succeeded.

Time Elapsed 00:00:00.78
    Last step completed in 00:00:00,8907
</buildStep>
<buildStep step="TransformReflectionInfo">
Transforming reflection output...
[C:\Program Files (x86)\MSBuild\14.0\bin\MSBuild.exe - TransformManifest.proj]
Build started 08.10.2015 22:02:37.
Project &quot;c:\ci\jenkins\workspace\EmberPlusSharp_Windows_AnyCpu_Release\Lawo.EmberPlusDoc\Help\Working\TransformManifest.proj&quot; on node 1 (default targets).
TransformManifest:
  XslTransform (v2015.7.25.0)
  Copyright &#169; 2006-2015, Microsoft Corporation, All Rights Reserved.
  Portions Copyright &#169; 2006-2015, Eric Woodruff, All Rights Reserved.
  Applying XSL transformation &#39;C:\Program Files (x86)\EWSoftware\Sandcastle Help File Builder\\ProductionTransforms\ApplyVSDocModel.xsl&#39;.
  Copying file from &quot;reflection.xml&quot; to &quot;reflection.nofilenames&quot;.
  XslTransform (v2015.7.25.0)
  Copyright &#169; 2006-2015, Microsoft Corporation, All Rights Reserved.
  Portions Copyright &#169; 2006-2015, Eric Woodruff, All Rights Reserved.
  Applying XSL transformation &#39;C:\Program Files (x86)\EWSoftware\Sandcastle Help File Builder\ProductionTransforms\AddFilenames.xsl&#39;.
    Unique name 2A67A762 generated for M:Lawo.FastEnum.ToEnum``1(System.UInt64)
    Unique name 6ED9D4A6 generated for M:Lawo.HashCode.Combine(System.Int32,System.Int32,System.Int32)
    Unique name F1F056FD generated for M:Lawo.ComponentModel.CalculatedProperty.Create``2(System.Collections.Generic.IEnumerable{Lawo.Reflection.IProperty{System.ComponentModel.INotifyPropertyChanged,``0}},System.Func{System.Collections.Generic.IEnumerable{``0},``1},Lawo.Reflection.IProperty{Lawo.ComponentModel.NotifyPropertyChanged,``1})
    Unique name FAEC4784 generated for M:Lawo.ComponentModel.MultiBinding.Create``2(System.Collections.Generic.IEnumerable{Lawo.Reflection.IProperty{System.ComponentModel.INotifyPropertyChanged,``0}},System.Func{System.Collections.Generic.IEnumerable{``0},``1},Lawo.Reflection.IProperty{System.Object,``1})
    Unique name FBDF2ACC generated for M:Lawo.Diagnostics.Tracing.Log.Critical(System.String,System.String,System.Int32,System.String)
    Unique name 2A79129F generated for M:Lawo.Diagnostics.Tracing.Log.Debug(System.String,System.String,System.Int32,System.String)
    Unique name 21FF0C76 generated for M:Lawo.Diagnostics.Tracing.Log.Error(System.String,System.String,System.Int32,System.String)
    Unique name 35A10ED0 generated for M:Lawo.Diagnostics.Tracing.Log.Info(System.String,System.String,System.Int32,System.String)
    Unique name 379A82C2 generated for M:Lawo.Diagnostics.Tracing.Log.Warn(System.String,System.String,System.Int32,System.String)
    Unique name DC5361C3 generated for M:Lawo.EmberPlus.Ember.EmberConverter.#ctor(Lawo.EmberPlus.Ember.EmberTypeBag)
    Unique name E87372E5 generated for M:Lawo.EmberPlus.Ember.EmberConverter.FromXml(System.Xml.XmlReader,Lawo.EmberPlus.Ember.EmberWriter)
    Unique name 3B7A7F38 generated for M:Lawo.EmberPlus.Ember.EmberConverter.ToXml(System.Byte[],System.Xml.XmlWriter)
    Unique name 22C20F14 generated for M:Lawo.EmberPlus.Ember.EmberException.#ctor(System.String)
    Unique name 22C20F13 generated for M:Lawo.EmberPlus.Ember.EmberException.#ctor(System.String,System.Exception)
    Unique name A0E3094B generated for M:Lawo.EmberPlus.Ember.EmberId.Equals(System.Object)
    Unique name C86FDC65 generated for M:Lawo.EmberPlus.Ember.EmberReader.#ctor(System.IO.Stream,System.Int32)
    Unique name 18504B1F generated for M:Lawo.EmberPlus.Ember.EmberWriter.#ctor(System.IO.Stream,System.Int32)
    Unique name A24C59E9 generated for M:Lawo.EmberPlus.Ember.EmberWriter.WriteValue(Lawo.EmberPlus.Ember.EmberId,System.Byte[])
    Unique name 8A42B7BA generated for M:Lawo.EmberPlus.Ember.EmberWriter.WriteValue(Lawo.EmberPlus.Ember.EmberId,System.Double)
    Unique name E79B431F generated for M:Lawo.EmberPlus.Ember.EmberWriter.WriteValue(Lawo.EmberPlus.Ember.EmberId,System.Int32[])
    Unique name CF91A0F0 generated for M:Lawo.EmberPlus.Ember.EmberWriter.WriteValue(Lawo.EmberPlus.Ember.EmberId,System.Int64)
    Unique name 2CEA2C55 generated for M:Lawo.EmberPlus.Ember.EmberWriter.WriteValue(Lawo.EmberPlus.Ember.EmberId,System.String)
    Unique name 4131CCBC generated for M:Lawo.EmberPlus.Model.Consumer`1.CreateAsync(Lawo.EmberPlus.S101.S101Client,System.Int32)
    Unique name E3D94157 generated for M:Lawo.EmberPlus.Model.Consumer`1.CreateAsync(Lawo.EmberPlus.S101.S101Client,System.Int32,System.Byte)
    Unique name 520FC7CF generated for M:Lawo.EmberPlus.Model.ModelException.#ctor(System.String)
    Unique name 520FC7CE generated for M:Lawo.EmberPlus.Model.ModelException.#ctor(System.String,System.Exception)
    Unique name 8F9150A4 generated for M:Lawo.EmberPlus.Model.StreamDescription.Equals(System.Object)
    Unique name F824305F generated for M:Lawo.EmberPlus.S101.IS101Logger.LogEvent(System.String,System.String)
    Unique name ABEFC344 generated for M:Lawo.EmberPlus.S101.S101Client.#ctor(System.IDisposable,Lawo.IO.ReadAsyncCallback,Lawo.IO.WriteAsyncCallback,Lawo.EmberPlus.S101.IS101Logger)
    Unique name 4E1EC344 generated for M:Lawo.EmberPlus.S101.S101Client.#ctor(System.IDisposable,Lawo.IO.ReadAsyncCallback,Lawo.IO.WriteAsyncCallback,Lawo.EmberPlus.S101.IS101Logger,System.Int32,System.Int32)
    Unique name 34131DE0 generated for M:Lawo.EmberPlus.S101.S101Client.SendMessageAsync(Lawo.EmberPlus.S101.S101Message,System.Byte[])
    Unique name AB7CAE99 generated for M:Lawo.EmberPlus.S101.S101Command.Equals(System.Object)
    Unique name 4FA6E3A4 generated for M:Lawo.EmberPlus.S101.S101Exception.#ctor(System.String)
    Unique name 67B085D3 generated for M:Lawo.EmberPlus.S101.S101Exception.#ctor(System.String,System.Exception)
    Unique name 8AD92377 generated for M:Lawo.EmberPlus.S101.S101Logger.#ctor(Lawo.EmberPlus.Ember.EmberTypeBag,System.IO.TextWriter,System.Xml.XmlWriterSettings)
    Unique name 2D082377 generated for M:Lawo.EmberPlus.S101.S101Logger.#ctor(Lawo.EmberPlus.Ember.EmberTypeBag,System.Xml.XmlWriter)
    Unique name A1A32377 generated for M:Lawo.EmberPlus.S101.S101Logger.#ctor(Lawo.EmberPlus.Ember.IEmberConverter,System.Xml.XmlWriter)
    Unique name 80B18668 generated for M:Lawo.EmberPlus.S101.S101Logger.LogEvent(System.String,System.String)
    Unique name 2D7E7A0C generated for M:Lawo.EmberPlus.S101.S101Reader.#ctor(Lawo.IO.ReadAsyncCallback,System.Int32)
    Unique name 45203B8A generated for M:Lawo.EmberPlus.S101.S101Writer.#ctor(Lawo.IO.WriteAsyncCallback,System.Int32)
    Unique name 1C6CFC02 generated for M:Lawo.IO.ReadBuffer.#ctor(Lawo.IO.ReadCallback,System.Int32)
    Unique name 97C8CF39 generated for M:Lawo.IO.ReadBuffer.Fill(System.Int32)
    Unique name 42754CC generated for M:Lawo.IO.ReadBuffer.FillAsync(System.Int32,System.Threading.CancellationToken)
    Unique name 63D3AF45 generated for M:Lawo.IO.ReadBuffer.Read(System.Byte[],System.Int32,System.Int32)
    Unique name EB75DB40 generated for M:Lawo.IO.ReadBuffer.ReadAsync(System.Threading.CancellationToken)
    Unique name 59390163 generated for M:Lawo.IO.WriteBuffer.#ctor(Lawo.IO.WriteCallback,System.Int32)
  XslTransform (v2015.7.25.0)
  Copyright &#169; 2006-2015, Microsoft Corporation, All Rights Reserved.
  Portions Copyright &#169; 2006-2015, Eric Woodruff, All Rights Reserved.
  Applying XSL transformation &#39;C:\Program Files (x86)\EWSoftware\Sandcastle Help File Builder\ProductionTransforms\ReflectionToManifest.xsl&#39;.
Done Building Project &quot;c:\ci\jenkins\workspace\EmberPlusSharp_Windows_AnyCpu_Release\Lawo.EmberPlusDoc\Help\Working\TransformManifest.proj&quot; (default targets).

Build succeeded.

Time Elapsed 00:00:00.73
    Last step completed in 00:00:00,8282
</buildStep>
<buildStep step="GenerateNamespaceSummaries">
Generating namespace summary information...
    Last step completed in 00:00:00,0624
</buildStep>
<buildStep step="GenerateInheritedDocumentation">
Generating inherited documentation...
[C:\Program Files (x86)\MSBuild\14.0\bin\MSBuild.exe - GenerateInheritedDocs.proj]
Sandcastle Help File Builder and Tools, version 2015.7.25.0
Copyright &#169; 2006-2015, Eric Woodruff, All Rights Reserved
E-Mail: Eric@EWoodruff.us

Reflection information will be retrieved from &#39;reflection.xml&#39;
Inherited documentation will be written to &#39;_InheritedDocs_.xml&#39;
Indexing C:\Program Files (x86)\Reference Assemblies\Microsoft\Framework\.NETCore\v4.5\*.xml
Indexing c:\ci\jenkins\workspace\EmberPlusSharp_Windows_AnyCpu_Release\Lawo.EmberPlusDoc\Help\Working\Lawo.XML
Indexing c:\ci\jenkins\workspace\EmberPlusSharp_Windows_AnyCpu_Release\Lawo.EmberPlusDoc\Help\Working\Lawo.EmberPlus.xml
Indexed 13641 members in 57 file(s).  2 file(s) to scan for &lt;inheritdoc /&gt; tags.
Merging inherited documentation...


Documentation merged successfully
    Last step completed in 00:00:00,3749
</buildStep>
<buildStep step="CopyConceptualContent">
Copying conceptual content...
Copying standard token shared content file...
Checking for other token files...
Checking for code snippets files...
Copying images and creating the media map file...
    c:\ci\jenkins\workspace\EmberPlusSharp_Windows_AnyCpu_Release\Lawo.EmberPlusDoc\media\GlowAnalyzerProxy.png -&gt; c:\ci\jenkins\workspace\EmberPlusSharp_Windows_AnyCpu_Release\Lawo.EmberPlusDoc\Help\Working\media\GlowAnalyzerProxy.png
    c:\ci\jenkins\workspace\EmberPlusSharp_Windows_AnyCpu_Release\Lawo.EmberPlusDoc\media\TinyEmberPlusTree.png -&gt; c:\ci\jenkins\workspace\EmberPlusSharp_Windows_AnyCpu_Release\Lawo.EmberPlusDoc\Help\Working\media\TinyEmberPlusTree.png
Generating conceptual topic files
    Parsing topic file &#39;c:\ci\jenkins\workspace\EmberPlusSharp_Windows_AnyCpu_Release\Lawo.EmberPlusDoc\Content\Welcome.aml&#39;
    c:\ci\jenkins\workspace\EmberPlusSharp_Windows_AnyCpu_Release\Lawo.EmberPlusDoc\Content\Welcome.aml -&gt; c:\ci\jenkins\workspace\EmberPlusSharp_Windows_AnyCpu_Release\Lawo.EmberPlusDoc\Help\Working\ddueXml\046877b5-3e57-48ca-8868-7885de0e3842.xml
    Parsing topic file &#39;c:\ci\jenkins\workspace\EmberPlusSharp_Windows_AnyCpu_Release\Lawo.EmberPlusDoc\Content\Library\Library.aml&#39;
    c:\ci\jenkins\workspace\EmberPlusSharp_Windows_AnyCpu_Release\Lawo.EmberPlusDoc\Content\Library\Library.aml -&gt; c:\ci\jenkins\workspace\EmberPlusSharp_Windows_AnyCpu_Release\Lawo.EmberPlusDoc\Help\Working\ddueXml\915a270d-2a20-432f-9531-ce6aa3260566.xml
    Parsing topic file &#39;c:\ci\jenkins\workspace\EmberPlusSharp_Windows_AnyCpu_Release\Lawo.EmberPlusDoc\Content\Library\ModelNamespace\ModelNamespace.aml&#39;
    c:\ci\jenkins\workspace\EmberPlusSharp_Windows_AnyCpu_Release\Lawo.EmberPlusDoc\Content\Library\ModelNamespace\ModelNamespace.aml -&gt; c:\ci\jenkins\workspace\EmberPlusSharp_Windows_AnyCpu_Release\Lawo.EmberPlusDoc\Help\Working\ddueXml\427fadff-8d32-472e-83d1-3ceaf705ae51.xml
    Parsing topic file &#39;c:\ci\jenkins\workspace\EmberPlusSharp_Windows_AnyCpu_Release\Lawo.EmberPlusDoc\Content\Library\ModelNamespace\Prerequisites\Prerequisites.aml&#39;
    c:\ci\jenkins\workspace\EmberPlusSharp_Windows_AnyCpu_Release\Lawo.EmberPlusDoc\Content\Library\ModelNamespace\Prerequisites\Prerequisites.aml -&gt; c:\ci\jenkins\workspace\EmberPlusSharp_Windows_AnyCpu_Release\Lawo.EmberPlusDoc\Help\Working\ddueXml\5b9afbff-f6fc-4870-892f-6d6b76f85c67.xml
    Parsing topic file &#39;c:\ci\jenkins\workspace\EmberPlusSharp_Windows_AnyCpu_Release\Lawo.EmberPlusDoc\Content\Library\ModelNamespace\Introduction\Introduction.aml&#39;
    c:\ci\jenkins\workspace\EmberPlusSharp_Windows_AnyCpu_Release\Lawo.EmberPlusDoc\Content\Library\ModelNamespace\Introduction\Introduction.aml -&gt; c:\ci\jenkins\workspace\EmberPlusSharp_Windows_AnyCpu_Release\Lawo.EmberPlusDoc\Help\Working\ddueXml\50028a38-6bef-4010-8e08-23fc3d5ae501.xml
    Parsing topic file &#39;c:\ci\jenkins\workspace\EmberPlusSharp_Windows_AnyCpu_Release\Lawo.EmberPlusDoc\Content\Library\ModelNamespace\DynamicInterface\DynamicInterface.aml&#39;
    c:\ci\jenkins\workspace\EmberPlusSharp_Windows_AnyCpu_Release\Lawo.EmberPlusDoc\Content\Library\ModelNamespace\DynamicInterface\DynamicInterface.aml -&gt; c:\ci\jenkins\workspace\EmberPlusSharp_Windows_AnyCpu_Release\Lawo.EmberPlusDoc\Help\Working\ddueXml\c319e2c2-fa9a-4ad5-bc4f-74a85a91eb78.xml
    Parsing topic file &#39;c:\ci\jenkins\workspace\EmberPlusSharp_Windows_AnyCpu_Release\Lawo.EmberPlusDoc\Content\Library\ModelNamespace\DynamicInterface\LocalCopy.aml&#39;
    c:\ci\jenkins\workspace\EmberPlusSharp_Windows_AnyCpu_Release\Lawo.EmberPlusDoc\Content\Library\ModelNamespace\DynamicInterface\LocalCopy.aml -&gt; c:\ci\jenkins\workspace\EmberPlusSharp_Windows_AnyCpu_Release\Lawo.EmberPlusDoc\Help\Working\ddueXml\f6285c3c-ef54-453e-90ad-5546ec1a7a1d.xml
    Parsing topic file &#39;c:\ci\jenkins\workspace\EmberPlusSharp_Windows_AnyCpu_Release\Lawo.EmberPlusDoc\Content\Library\ModelNamespace\DynamicInterface\Iterate.aml&#39;
    c:\ci\jenkins\workspace\EmberPlusSharp_Windows_AnyCpu_Release\Lawo.EmberPlusDoc\Content\Library\ModelNamespace\DynamicInterface\Iterate.aml -&gt; c:\ci\jenkins\workspace\EmberPlusSharp_Windows_AnyCpu_Release\Lawo.EmberPlusDoc\Help\Working\ddueXml\e0972d29-96f3-4dea-936b-f77001d077b1.xml
    Parsing topic file &#39;c:\ci\jenkins\workspace\EmberPlusSharp_Windows_AnyCpu_Release\Lawo.EmberPlusDoc\Content\Library\ModelNamespace\DynamicInterface\ReactToChanges.aml&#39;
    c:\ci\jenkins\workspace\EmberPlusSharp_Windows_AnyCpu_Release\Lawo.EmberPlusDoc\Content\Library\ModelNamespace\DynamicInterface\ReactToChanges.aml -&gt; c:\ci\jenkins\workspace\EmberPlusSharp_Windows_AnyCpu_Release\Lawo.EmberPlusDoc\Help\Working\ddueXml\7cdb703a-14dd-42d3-8ea2-28a9b8af6663.xml
    Parsing topic file &#39;c:\ci\jenkins\workspace\EmberPlusSharp_Windows_AnyCpu_Release\Lawo.EmberPlusDoc\Content\Library\ModelNamespace\DynamicInterface\SendLocalChanges.aml&#39;
    c:\ci\jenkins\workspace\EmberPlusSharp_Windows_AnyCpu_Release\Lawo.EmberPlusDoc\Content\Library\ModelNamespace\DynamicInterface\SendLocalChanges.aml -&gt; c:\ci\jenkins\workspace\EmberPlusSharp_Windows_AnyCpu_Release\Lawo.EmberPlusDoc\Help\Working\ddueXml\84d499e7-ec08-4311-8038-987c167eaa43.xml
    Parsing topic file &#39;c:\ci\jenkins\workspace\EmberPlusSharp_Windows_AnyCpu_Release\Lawo.EmberPlusDoc\Content\Library\ModelNamespace\DynamicInterface\HandleCommunicationErrors.aml&#39;
    c:\ci\jenkins\workspace\EmberPlusSharp_Windows_AnyCpu_Release\Lawo.EmberPlusDoc\Content\Library\ModelNamespace\DynamicInterface\HandleCommunicationErrors.aml -&gt; c:\ci\jenkins\workspace\EmberPlusSharp_Windows_AnyCpu_Release\Lawo.EmberPlusDoc\Help\Working\ddueXml\df1c42d3-bc00-4786-88d6-2372b281043a.xml
    Parsing topic file &#39;c:\ci\jenkins\workspace\EmberPlusSharp_Windows_AnyCpu_Release\Lawo.EmberPlusDoc\Content\Library\ModelNamespace\StaticInterface\StaticInterface.aml&#39;
    c:\ci\jenkins\workspace\EmberPlusSharp_Windows_AnyCpu_Release\Lawo.EmberPlusDoc\Content\Library\ModelNamespace\StaticInterface\StaticInterface.aml -&gt; c:\ci\jenkins\workspace\EmberPlusSharp_Windows_AnyCpu_Release\Lawo.EmberPlusDoc\Help\Working\ddueXml\06184592-a364-4e11-9721-551b6316ffc1.xml
    Parsing topic file &#39;c:\ci\jenkins\workspace\EmberPlusSharp_Windows_AnyCpu_Release\Lawo.EmberPlusDoc\Content\Library\ModelNamespace\StaticInterface\Iterate.aml&#39;
    c:\ci\jenkins\workspace\EmberPlusSharp_Windows_AnyCpu_Release\Lawo.EmberPlusDoc\Content\Library\ModelNamespace\StaticInterface\Iterate.aml -&gt; c:\ci\jenkins\workspace\EmberPlusSharp_Windows_AnyCpu_Release\Lawo.EmberPlusDoc\Help\Working\ddueXml\0957f1fa-abf4-4fb8-9430-1230ce2c6947.xml
    Parsing topic file &#39;c:\ci\jenkins\workspace\EmberPlusSharp_Windows_AnyCpu_Release\Lawo.EmberPlusDoc\Content\Library\ModelNamespace\StaticInterface\ReactToChanges.aml&#39;
    c:\ci\jenkins\workspace\EmberPlusSharp_Windows_AnyCpu_Release\Lawo.EmberPlusDoc\Content\Library\ModelNamespace\StaticInterface\ReactToChanges.aml -&gt; c:\ci\jenkins\workspace\EmberPlusSharp_Windows_AnyCpu_Release\Lawo.EmberPlusDoc\Help\Working\ddueXml\945c7c21-060f-4fb9-9cbd-842f0e031472.xml
    Parsing topic file &#39;c:\ci\jenkins\workspace\EmberPlusSharp_Windows_AnyCpu_Release\Lawo.EmberPlusDoc\Content\Library\ModelNamespace\StaticInterface\SendLocalChanges.aml&#39;
    c:\ci\jenkins\workspace\EmberPlusSharp_Windows_AnyCpu_Release\Lawo.EmberPlusDoc\Content\Library\ModelNamespace\StaticInterface\SendLocalChanges.aml -&gt; c:\ci\jenkins\workspace\EmberPlusSharp_Windows_AnyCpu_Release\Lawo.EmberPlusDoc\Help\Working\ddueXml\e3a579ce-d73e-459b-ab70-48b79cc9e0c8.xml
    Parsing topic file &#39;c:\ci\jenkins\workspace\EmberPlusSharp_Windows_AnyCpu_Release\Lawo.EmberPlusDoc\Content\Library\ModelNamespace\StaticInterface\UnboundedNodes.aml&#39;
    c:\ci\jenkins\workspace\EmberPlusSharp_Windows_AnyCpu_Release\Lawo.EmberPlusDoc\Content\Library\ModelNamespace\StaticInterface\UnboundedNodes.aml -&gt; c:\ci\jenkins\workspace\EmberPlusSharp_Windows_AnyCpu_Release\Lawo.EmberPlusDoc\Help\Working\ddueXml\86ad72ee-d788-4511-9608-c27e29445f96.xml
    Parsing topic file &#39;c:\ci\jenkins\workspace\EmberPlusSharp_Windows_AnyCpu_Release\Lawo.EmberPlusDoc\Content\Library\ModelNamespace\StaticInterface\OptionalElements.aml&#39;
    c:\ci\jenkins\workspace\EmberPlusSharp_Windows_AnyCpu_Release\Lawo.EmberPlusDoc\Content\Library\ModelNamespace\StaticInterface\OptionalElements.aml -&gt; c:\ci\jenkins\workspace\EmberPlusSharp_Windows_AnyCpu_Release\Lawo.EmberPlusDoc\Help\Working\ddueXml\15613e0f-7337-4a90-b538-1c402b4f8ad7.xml
    Parsing topic file &#39;c:\ci\jenkins\workspace\EmberPlusSharp_Windows_AnyCpu_Release\Lawo.EmberPlusDoc\Content\Library\ModelNamespace\StaticInterface\NullableParameters.aml&#39;
    c:\ci\jenkins\workspace\EmberPlusSharp_Windows_AnyCpu_Release\Lawo.EmberPlusDoc\Content\Library\ModelNamespace\StaticInterface\NullableParameters.aml -&gt; c:\ci\jenkins\workspace\EmberPlusSharp_Windows_AnyCpu_Release\Lawo.EmberPlusDoc\Help\Working\ddueXml\3d672617-cf26-40a0-bae0-9b3df394cf0e.xml
    Parsing topic file &#39;c:\ci\jenkins\workspace\EmberPlusSharp_Windows_AnyCpu_Release\Lawo.EmberPlusDoc\Content\Library\ModelNamespace\MixedInterface\MixedInterface.aml&#39;
    c:\ci\jenkins\workspace\EmberPlusSharp_Windows_AnyCpu_Release\Lawo.EmberPlusDoc\Content\Library\ModelNamespace\MixedInterface\MixedInterface.aml -&gt; c:\ci\jenkins\workspace\EmberPlusSharp_Windows_AnyCpu_Release\Lawo.EmberPlusDoc\Help\Working\ddueXml\100750a0-fa84-4a68-874d-5e313eb83c9b.xml
    Parsing topic file &#39;c:\ci\jenkins\workspace\EmberPlusSharp_Windows_AnyCpu_Release\Lawo.EmberPlusDoc\Content\Library\ModelNamespace\MixedInterface\Iterate.aml&#39;
    c:\ci\jenkins\workspace\EmberPlusSharp_Windows_AnyCpu_Release\Lawo.EmberPlusDoc\Content\Library\ModelNamespace\MixedInterface\Iterate.aml -&gt; c:\ci\jenkins\workspace\EmberPlusSharp_Windows_AnyCpu_Release\Lawo.EmberPlusDoc\Help\Working\ddueXml\56add6fd-a91e-4e3e-a02e-e3e70d4958aa.xml
    Parsing topic file &#39;c:\ci\jenkins\workspace\EmberPlusSharp_Windows_AnyCpu_Release\Lawo.EmberPlusDoc\Content\Library\ModelNamespace\MixedInterface\SendLocalChanges.aml&#39;
    c:\ci\jenkins\workspace\EmberPlusSharp_Windows_AnyCpu_Release\Lawo.EmberPlusDoc\Content\Library\ModelNamespace\MixedInterface\SendLocalChanges.aml -&gt; c:\ci\jenkins\workspace\EmberPlusSharp_Windows_AnyCpu_Release\Lawo.EmberPlusDoc\Help\Working\ddueXml\881824cc-edf4-4007-b30c-cb460d2dcf97.xml
    Parsing topic file &#39;c:\ci\jenkins\workspace\EmberPlusSharp_Windows_AnyCpu_Release\Lawo.EmberPlusDoc\Content\Library\EmberNamespace.aml&#39;
    c:\ci\jenkins\workspace\EmberPlusSharp_Windows_AnyCpu_Release\Lawo.EmberPlusDoc\Content\Library\EmberNamespace.aml -&gt; c:\ci\jenkins\workspace\EmberPlusSharp_Windows_AnyCpu_Release\Lawo.EmberPlusDoc\Help\Working\ddueXml\57f78c21-7c7b-4c7f-9035-70774e053625.xml
    Parsing topic file &#39;c:\ci\jenkins\workspace\EmberPlusSharp_Windows_AnyCpu_Release\Lawo.EmberPlusDoc\Content\Library\S101Namespace.aml&#39;
    c:\ci\jenkins\workspace\EmberPlusSharp_Windows_AnyCpu_Release\Lawo.EmberPlusDoc\Content\Library\S101Namespace.aml -&gt; c:\ci\jenkins\workspace\EmberPlusSharp_Windows_AnyCpu_Release\Lawo.EmberPlusDoc\Help\Working\ddueXml\aad74cef-7ff7-47c7-9086-76d8c3d9415c.xml
    Parsing topic file &#39;c:\ci\jenkins\workspace\EmberPlusSharp_Windows_AnyCpu_Release\Lawo.EmberPlusDoc\Content\Library\Rationale.aml&#39;
    c:\ci\jenkins\workspace\EmberPlusSharp_Windows_AnyCpu_Release\Lawo.EmberPlusDoc\Content\Library\Rationale.aml -&gt; c:\ci\jenkins\workspace\EmberPlusSharp_Windows_AnyCpu_Release\Lawo.EmberPlusDoc\Help\Working\ddueXml\c17ed1f5-6b3d-40f5-af29-b1d031ae24cd.xml
    Parsing topic file &#39;c:\ci\jenkins\workspace\EmberPlusSharp_Windows_AnyCpu_Release\Lawo.EmberPlusDoc\Content\Tools.aml&#39;
    c:\ci\jenkins\workspace\EmberPlusSharp_Windows_AnyCpu_Release\Lawo.EmberPlusDoc\Content\Tools.aml -&gt; c:\ci\jenkins\workspace\EmberPlusSharp_Windows_AnyCpu_Release\Lawo.EmberPlusDoc\Help\Working\ddueXml\4afc50e6-0e92-4bf2-b7e2-4e8bb55dfc2d.xml
    Parsing topic file &#39;c:\ci\jenkins\workspace\EmberPlusSharp_Windows_AnyCpu_Release\Lawo.EmberPlusDoc\Content\FutureDirections.aml&#39;
    c:\ci\jenkins\workspace\EmberPlusSharp_Windows_AnyCpu_Release\Lawo.EmberPlusDoc\Content\FutureDirections.aml -&gt; c:\ci\jenkins\workspace\EmberPlusSharp_Windows_AnyCpu_Release\Lawo.EmberPlusDoc\Help\Working\ddueXml\b8313245-587c-4147-91e6-0accaccb2a77.xml
    Parsing topic file &#39;c:\ci\jenkins\workspace\EmberPlusSharp_Windows_AnyCpu_Release\Lawo.EmberPlusDoc\Content\KnownIssues.aml&#39;
    c:\ci\jenkins\workspace\EmberPlusSharp_Windows_AnyCpu_Release\Lawo.EmberPlusDoc\Content\KnownIssues.aml -&gt; c:\ci\jenkins\workspace\EmberPlusSharp_Windows_AnyCpu_Release\Lawo.EmberPlusDoc\Help\Working\ddueXml\358ebb3d-e950-4b89-b711-0571c6fbc03f.xml
    Last step completed in 00:00:00,2344
</buildStep>
<buildStep step="CreateConceptualTopicConfigs">
Creating conceptual topic configuration files...
    Companion files
    _ContentMetadata_.xml
    ConceptualManifest.xml
    Last step completed in 00:00:00,0937
</buildStep>
<buildStep step="CopyAdditionalContent">
Copying additional content files...
c:\ci\jenkins\workspace\EmberPlusSharp_Windows_AnyCpu_Release\Lawo.EmberPlusDoc\media\sapphire.EmBER -&gt; c:\ci\jenkins\workspace\EmberPlusSharp_Windows_AnyCpu_Release\Lawo.EmberPlusDoc\Help\Working\Output\Website\media\sapphire.EmBER
c:\ci\jenkins\workspace\EmberPlusSharp_Windows_AnyCpu_Release\Lawo.EmberPlusDoc\icons\Help.png -&gt; c:\ci\jenkins\workspace\EmberPlusSharp_Windows_AnyCpu_Release\Lawo.EmberPlusDoc\Help\Working\Output\Website\icons\Help.png
    Last step completed in 00:00:00,0156
</buildStep>
<buildStep step="MergeTablesOfContents">
Merging conceptual and additional tables of contents...
    Last step completed in 00:00:00,0000
</buildStep>
<buildStep step="GenerateIntermediateTableOfContents">
Generating intermediate table of contents file...
[C:\Program Files (x86)\MSBuild\14.0\bin\MSBuild.exe - GenerateIntermediateTOC.proj]
Build started 08.10.2015 22:02:38.
Project &quot;c:\ci\jenkins\workspace\EmberPlusSharp_Windows_AnyCpu_Release\Lawo.EmberPlusDoc\Help\Working\GenerateIntermediateTOC.proj&quot; on node 1 (default targets).
GenerateIntermediateTOC:
  XslTransform (v2015.7.25.0)
  Copyright &#169; 2006-2015, Microsoft Corporation, All Rights Reserved.
  Portions Copyright &#169; 2006-2015, Eric Woodruff, All Rights Reserved.
  Applying XSL transformation &#39;C:\Program Files (x86)\EWSoftware\Sandcastle Help File Builder\\ProductionTransforms\CreateVSToc.xsl&#39;.
Done Building Project &quot;c:\ci\jenkins\workspace\EmberPlusSharp_Windows_AnyCpu_Release\Lawo.EmberPlusDoc\Help\Working\GenerateIntermediateTOC.proj&quot; (default targets).

Build succeeded.

Time Elapsed 00:00:00.15
Generating conceptual content intermediate TOC file...
    Last step completed in 00:00:00,2656
</buildStep>
<buildStep step="CreateBuildAssemblerConfigs">
Creating Sandcastle configuration files...
    sandcastle.config
    conceptual.config
    Last step completed in 00:00:00,1875
</buildStep>
<buildStep step="MergeCustomConfigs">
Merging custom build component configurations
c:\ci\jenkins\workspace\EmberPlusSharp_Windows_AnyCpu_Release\Lawo.EmberPlusDoc\Help\Working\sandcastle.config
    Replacing default configuration for &#39;Code Block Component&#39; with the custom configuration
c:\ci\jenkins\workspace\EmberPlusSharp_Windows_AnyCpu_Release\Lawo.EmberPlusDoc\Help\Working\conceptual.config
    Replacing default configuration for &#39;Code Block Component&#39; with the custom configuration
    Removing unused ExampleComponent.
<plugIn name="Bibliography Support" behavior="After" priority="1000">

Adding bibliography parameter to c:\ci\jenkins\workspace\EmberPlusSharp_Windows_AnyCpu_Release\Lawo.EmberPlusDoc\Help\Working\conceptual.config...

Adding bibliography parameter to c:\ci\jenkins\workspace\EmberPlusSharp_Windows_AnyCpu_Release\Lawo.EmberPlusDoc\Help\Working\sandcastle.config...
</plugIn>    Last step completed in 00:00:00,0313
</buildStep>
<buildStep step="BuildConceptualTopics">
Building conceptual help topics...
[C:\Program Files (x86)\MSBuild\14.0\bin\MSBuild.exe - BuildConceptualTopics.proj]
Build started 08.10.2015 22:02:39.
Project &quot;c:\ci\jenkins\workspace\EmberPlusSharp_Windows_AnyCpu_Release\Lawo.EmberPlusDoc\Help\Working\BuildConceptualTopics.proj&quot; on node 1 (default targets).
BuildConceptualTopics:
  BuildAssembler (v2015.7.25.0)
  Copyright &#169; 2006-2015, Microsoft Corporation, All Rights Reserved.
  Portions Copyright &#169; 2006-2015, Eric Woodruff, All Rights Reserved.
  Loading configuration...
  Processing topics...
  Processed 27 topic(s)
  CopyFromIndexComponent: &quot;metadata&quot; in-memory cache entries used: 1 of 15.
Done Building Project &quot;c:\ci\jenkins\workspace\EmberPlusSharp_Windows_AnyCpu_Release\Lawo.EmberPlusDoc\Help\Working\BuildConceptualTopics.proj&quot; (default targets).

Build succeeded.

Time Elapsed 00:00:02.09
    Last step completed in 00:00:02,1875
</buildStep>
<buildStep step="BuildReferenceTopics">
Building reference help topics...
[C:\Program Files (x86)\MSBuild\14.0\bin\MSBuild.exe - BuildReferenceTopics.proj]
Build started 08.10.2015 22:02:41.
Project &quot;c:\ci\jenkins\workspace\EmberPlusSharp_Windows_AnyCpu_Release\Lawo.EmberPlusDoc\Help\Working\BuildReferenceTopics.proj&quot; on node 1 (default targets).
BuildReferenceTopics:
  BuildAssembler (v2015.7.25.0)
  Copyright &#169; 2006-2015, Microsoft Corporation, All Rights Reserved.
  Portions Copyright &#169; 2006-2015, Eric Woodruff, All Rights Reserved.
  Loading configuration...
  Processing topics...
  Processed 959 topic(s)
  CopyFromIndexComponent: &quot;reflection&quot; in-memory cache entries used: 14 of 15.
  CopyFromIndexComponent: &quot;comments&quot; in-memory cache entries used: 7 of 30.
Done Building Project &quot;c:\ci\jenkins\workspace\EmberPlusSharp_Windows_AnyCpu_Release\Lawo.EmberPlusDoc\Help\Working\BuildReferenceTopics.proj&quot; (default targets).

Build succeeded.

Time Elapsed 00:00:23.00
    Last step completed in 00:00:23,0938
</buildStep>
<buildStep step="CombiningIntermediateTocFiles">
Combining conceptual and API intermediate TOC files...
    Last step completed in 00:00:00,0157
</buildStep>
<buildStep step="ExtractingHtmlInfo">
Extracting HTML info for HTML Help 1 and/or website...
[C:\Program Files (x86)\MSBuild\14.0\bin\MSBuild.exe - ExtractHtmlInfo.proj]
Sandcastle Help File Builder and Tools, version 2015.7.25.0
Copyright &#169; 2006-2015, Eric Woodruff, All Rights Reserved
E-Mail: Eric@EWoodruff.us

Using LCID &#39;1033&#39;, code page &#39;65001&#39;, encoding charset &#39;UTF-8&#39;.

Processing website files in c:\ci\jenkins\workspace\EmberPlusSharp_Windows_AnyCpu_Release\Lawo.EmberPlusDoc\Help\Working\Output\Website
Processed 986 HTML files
Sorting keywords and generating See Also indices
Saving website keyword index to c:\ci\jenkins\workspace\EmberPlusSharp_Windows_AnyCpu_Release\Lawo.EmberPlusDoc\Help\Working\WebKI.xml
Saving website table of contents to c:\ci\jenkins\workspace\EmberPlusSharp_Windows_AnyCpu_Release\Lawo.EmberPlusDoc\Help\Working\WebTOC.xml
    Last step completed in 00:00:04,3124
</buildStep>
<buildStep step="CopyStandardHelpContent">
Copying standard help content...
C:\Program Files (x86)\EWSoftware\Sandcastle Help File Builder\PresentationStyles\VS2013\icons\AlertCaution.png -&gt; c:\ci\jenkins\workspace\EmberPlusSharp_Windows_AnyCpu_Release\Lawo.EmberPlusDoc\Help\Working\Output\Website\icons\AlertCaution.png
C:\Program Files (x86)\EWSoftware\Sandcastle Help File Builder\PresentationStyles\VS2013\icons\AlertNote.png -&gt; c:\ci\jenkins\workspace\EmberPlusSharp_Windows_AnyCpu_Release\Lawo.EmberPlusDoc\Help\Working\Output\Website\icons\AlertNote.png
C:\Program Files (x86)\EWSoftware\Sandcastle Help File Builder\PresentationStyles\VS2013\icons\AlertSecurity.png -&gt; c:\ci\jenkins\workspace\EmberPlusSharp_Windows_AnyCpu_Release\Lawo.EmberPlusDoc\Help\Working\Output\Website\icons\AlertSecurity.png
C:\Program Files (x86)\EWSoftware\Sandcastle Help File Builder\PresentationStyles\VS2013\icons\CFW.gif -&gt; c:\ci\jenkins\workspace\EmberPlusSharp_Windows_AnyCpu_Release\Lawo.EmberPlusDoc\Help\Working\Output\Website\icons\CFW.gif
C:\Program Files (x86)\EWSoftware\Sandcastle Help File Builder\PresentationStyles\VS2013\icons\CodeExample.png -&gt; c:\ci\jenkins\workspace\EmberPlusSharp_Windows_AnyCpu_Release\Lawo.EmberPlusDoc\Help\Working\Output\Website\icons\CodeExample.png
C:\Program Files (x86)\EWSoftware\Sandcastle Help File Builder\PresentationStyles\VS2013\icons\favicon.ico -&gt; c:\ci\jenkins\workspace\EmberPlusSharp_Windows_AnyCpu_Release\Lawo.EmberPlusDoc\Help\Working\Output\Website\icons\favicon.ico
C:\Program Files (x86)\EWSoftware\Sandcastle Help File Builder\PresentationStyles\VS2013\icons\privclass.gif -&gt; c:\ci\jenkins\workspace\EmberPlusSharp_Windows_AnyCpu_Release\Lawo.EmberPlusDoc\Help\Working\Output\Website\icons\privclass.gif
C:\Program Files (x86)\EWSoftware\Sandcastle Help File Builder\PresentationStyles\VS2013\icons\privdelegate.gif -&gt; c:\ci\jenkins\workspace\EmberPlusSharp_Windows_AnyCpu_Release\Lawo.EmberPlusDoc\Help\Working\Output\Website\icons\privdelegate.gif
C:\Program Files (x86)\EWSoftware\Sandcastle Help File Builder\PresentationStyles\VS2013\icons\privenumeration.gif -&gt; c:\ci\jenkins\workspace\EmberPlusSharp_Windows_AnyCpu_Release\Lawo.EmberPlusDoc\Help\Working\Output\Website\icons\privenumeration.gif
C:\Program Files (x86)\EWSoftware\Sandcastle Help File Builder\PresentationStyles\VS2013\icons\privevent.gif -&gt; c:\ci\jenkins\workspace\EmberPlusSharp_Windows_AnyCpu_Release\Lawo.EmberPlusDoc\Help\Working\Output\Website\icons\privevent.gif
C:\Program Files (x86)\EWSoftware\Sandcastle Help File Builder\PresentationStyles\VS2013\icons\privextension.gif -&gt; c:\ci\jenkins\workspace\EmberPlusSharp_Windows_AnyCpu_Release\Lawo.EmberPlusDoc\Help\Working\Output\Website\icons\privextension.gif
C:\Program Files (x86)\EWSoftware\Sandcastle Help File Builder\PresentationStyles\VS2013\icons\privfield.gif -&gt; c:\ci\jenkins\workspace\EmberPlusSharp_Windows_AnyCpu_Release\Lawo.EmberPlusDoc\Help\Working\Output\Website\icons\privfield.gif
C:\Program Files (x86)\EWSoftware\Sandcastle Help File Builder\PresentationStyles\VS2013\icons\privinterface.gif -&gt; c:\ci\jenkins\workspace\EmberPlusSharp_Windows_AnyCpu_Release\Lawo.EmberPlusDoc\Help\Working\Output\Website\icons\privinterface.gif
C:\Program Files (x86)\EWSoftware\Sandcastle Help File Builder\PresentationStyles\VS2013\icons\privmethod.gif -&gt; c:\ci\jenkins\workspace\EmberPlusSharp_Windows_AnyCpu_Release\Lawo.EmberPlusDoc\Help\Working\Output\Website\icons\privmethod.gif
C:\Program Files (x86)\EWSoftware\Sandcastle Help File Builder\PresentationStyles\VS2013\icons\privproperty.gif -&gt; c:\ci\jenkins\workspace\EmberPlusSharp_Windows_AnyCpu_Release\Lawo.EmberPlusDoc\Help\Working\Output\Website\icons\privproperty.gif
C:\Program Files (x86)\EWSoftware\Sandcastle Help File Builder\PresentationStyles\VS2013\icons\privstructure.gif -&gt; c:\ci\jenkins\workspace\EmberPlusSharp_Windows_AnyCpu_Release\Lawo.EmberPlusDoc\Help\Working\Output\Website\icons\privstructure.gif
C:\Program Files (x86)\EWSoftware\Sandcastle Help File Builder\PresentationStyles\VS2013\icons\protclass.gif -&gt; c:\ci\jenkins\workspace\EmberPlusSharp_Windows_AnyCpu_Release\Lawo.EmberPlusDoc\Help\Working\Output\Website\icons\protclass.gif
C:\Program Files (x86)\EWSoftware\Sandcastle Help File Builder\PresentationStyles\VS2013\icons\protdelegate.gif -&gt; c:\ci\jenkins\workspace\EmberPlusSharp_Windows_AnyCpu_Release\Lawo.EmberPlusDoc\Help\Working\Output\Website\icons\protdelegate.gif
C:\Program Files (x86)\EWSoftware\Sandcastle Help File Builder\PresentationStyles\VS2013\icons\protenumeration.gif -&gt; c:\ci\jenkins\workspace\EmberPlusSharp_Windows_AnyCpu_Release\Lawo.EmberPlusDoc\Help\Working\Output\Website\icons\protenumeration.gif
C:\Program Files (x86)\EWSoftware\Sandcastle Help File Builder\PresentationStyles\VS2013\icons\protevent.gif -&gt; c:\ci\jenkins\workspace\EmberPlusSharp_Windows_AnyCpu_Release\Lawo.EmberPlusDoc\Help\Working\Output\Website\icons\protevent.gif
C:\Program Files (x86)\EWSoftware\Sandcastle Help File Builder\PresentationStyles\VS2013\icons\protextension.gif -&gt; c:\ci\jenkins\workspace\EmberPlusSharp_Windows_AnyCpu_Release\Lawo.EmberPlusDoc\Help\Working\Output\Website\icons\protextension.gif
C:\Program Files (x86)\EWSoftware\Sandcastle Help File Builder\PresentationStyles\VS2013\icons\protfield.gif -&gt; c:\ci\jenkins\workspace\EmberPlusSharp_Windows_AnyCpu_Release\Lawo.EmberPlusDoc\Help\Working\Output\Website\icons\protfield.gif
C:\Program Files (x86)\EWSoftware\Sandcastle Help File Builder\PresentationStyles\VS2013\icons\protinterface.gif -&gt; c:\ci\jenkins\workspace\EmberPlusSharp_Windows_AnyCpu_Release\Lawo.EmberPlusDoc\Help\Working\Output\Website\icons\protinterface.gif
C:\Program Files (x86)\EWSoftware\Sandcastle Help File Builder\PresentationStyles\VS2013\icons\protmethod.gif -&gt; c:\ci\jenkins\workspace\EmberPlusSharp_Windows_AnyCpu_Release\Lawo.EmberPlusDoc\Help\Working\Output\Website\icons\protmethod.gif
C:\Program Files (x86)\EWSoftware\Sandcastle Help File Builder\PresentationStyles\VS2013\icons\protoperator.gif -&gt; c:\ci\jenkins\workspace\EmberPlusSharp_Windows_AnyCpu_Release\Lawo.EmberPlusDoc\Help\Working\Output\Website\icons\protoperator.gif
C:\Program Files (x86)\EWSoftware\Sandcastle Help File Builder\PresentationStyles\VS2013\icons\protproperty.gif -&gt; c:\ci\jenkins\workspace\EmberPlusSharp_Windows_AnyCpu_Release\Lawo.EmberPlusDoc\Help\Working\Output\Website\icons\protproperty.gif
C:\Program Files (x86)\EWSoftware\Sandcastle Help File Builder\PresentationStyles\VS2013\icons\protstructure.gif -&gt; c:\ci\jenkins\workspace\EmberPlusSharp_Windows_AnyCpu_Release\Lawo.EmberPlusDoc\Help\Working\Output\Website\icons\protstructure.gif
C:\Program Files (x86)\EWSoftware\Sandcastle Help File Builder\PresentationStyles\VS2013\icons\pubclass.gif -&gt; c:\ci\jenkins\workspace\EmberPlusSharp_Windows_AnyCpu_Release\Lawo.EmberPlusDoc\Help\Working\Output\Website\icons\pubclass.gif
C:\Program Files (x86)\EWSoftware\Sandcastle Help File Builder\PresentationStyles\VS2013\icons\pubdelegate.gif -&gt; c:\ci\jenkins\workspace\EmberPlusSharp_Windows_AnyCpu_Release\Lawo.EmberPlusDoc\Help\Working\Output\Website\icons\pubdelegate.gif
C:\Program Files (x86)\EWSoftware\Sandcastle Help File Builder\PresentationStyles\VS2013\icons\pubenumeration.gif -&gt; c:\ci\jenkins\workspace\EmberPlusSharp_Windows_AnyCpu_Release\Lawo.EmberPlusDoc\Help\Working\Output\Website\icons\pubenumeration.gif
C:\Program Files (x86)\EWSoftware\Sandcastle Help File Builder\PresentationStyles\VS2013\icons\pubevent.gif -&gt; c:\ci\jenkins\workspace\EmberPlusSharp_Windows_AnyCpu_Release\Lawo.EmberPlusDoc\Help\Working\Output\Website\icons\pubevent.gif
C:\Program Files (x86)\EWSoftware\Sandcastle Help File Builder\PresentationStyles\VS2013\icons\pubextension.gif -&gt; c:\ci\jenkins\workspace\EmberPlusSharp_Windows_AnyCpu_Release\Lawo.EmberPlusDoc\Help\Working\Output\Website\icons\pubextension.gif
C:\Program Files (x86)\EWSoftware\Sandcastle Help File Builder\PresentationStyles\VS2013\icons\pubfield.gif -&gt; c:\ci\jenkins\workspace\EmberPlusSharp_Windows_AnyCpu_Release\Lawo.EmberPlusDoc\Help\Working\Output\Website\icons\pubfield.gif
C:\Program Files (x86)\EWSoftware\Sandcastle Help File Builder\PresentationStyles\VS2013\icons\pubinterface.gif -&gt; c:\ci\jenkins\workspace\EmberPlusSharp_Windows_AnyCpu_Release\Lawo.EmberPlusDoc\Help\Working\Output\Website\icons\pubinterface.gif
C:\Program Files (x86)\EWSoftware\Sandcastle Help File Builder\PresentationStyles\VS2013\icons\pubmethod.gif -&gt; c:\ci\jenkins\workspace\EmberPlusSharp_Windows_AnyCpu_Release\Lawo.EmberPlusDoc\Help\Working\Output\Website\icons\pubmethod.gif
C:\Program Files (x86)\EWSoftware\Sandcastle Help File Builder\PresentationStyles\VS2013\icons\puboperator.gif -&gt; c:\ci\jenkins\workspace\EmberPlusSharp_Windows_AnyCpu_Release\Lawo.EmberPlusDoc\Help\Working\Output\Website\icons\puboperator.gif
C:\Program Files (x86)\EWSoftware\Sandcastle Help File Builder\PresentationStyles\VS2013\icons\pubproperty.gif -&gt; c:\ci\jenkins\workspace\EmberPlusSharp_Windows_AnyCpu_Release\Lawo.EmberPlusDoc\Help\Working\Output\Website\icons\pubproperty.gif
C:\Program Files (x86)\EWSoftware\Sandcastle Help File Builder\PresentationStyles\VS2013\icons\pubstructure.gif -&gt; c:\ci\jenkins\workspace\EmberPlusSharp_Windows_AnyCpu_Release\Lawo.EmberPlusDoc\Help\Working\Output\Website\icons\pubstructure.gif
C:\Program Files (x86)\EWSoftware\Sandcastle Help File Builder\PresentationStyles\VS2013\icons\SectionCollapsed.png -&gt; c:\ci\jenkins\workspace\EmberPlusSharp_Windows_AnyCpu_Release\Lawo.EmberPlusDoc\Help\Working\Output\Website\icons\SectionCollapsed.png
C:\Program Files (x86)\EWSoftware\Sandcastle Help File Builder\PresentationStyles\VS2013\icons\SectionExpanded.png -&gt; c:\ci\jenkins\workspace\EmberPlusSharp_Windows_AnyCpu_Release\Lawo.EmberPlusDoc\Help\Working\Output\Website\icons\SectionExpanded.png
C:\Program Files (x86)\EWSoftware\Sandcastle Help File Builder\PresentationStyles\VS2013\icons\slMobile.gif -&gt; c:\ci\jenkins\workspace\EmberPlusSharp_Windows_AnyCpu_Release\Lawo.EmberPlusDoc\Help\Working\Output\Website\icons\slMobile.gif
C:\Program Files (x86)\EWSoftware\Sandcastle Help File Builder\PresentationStyles\VS2013\icons\static.gif -&gt; c:\ci\jenkins\workspace\EmberPlusSharp_Windows_AnyCpu_Release\Lawo.EmberPlusDoc\Help\Working\Output\Website\icons\static.gif
C:\Program Files (x86)\EWSoftware\Sandcastle Help File Builder\PresentationStyles\VS2013\icons\xna.gif -&gt; c:\ci\jenkins\workspace\EmberPlusSharp_Windows_AnyCpu_Release\Lawo.EmberPlusDoc\Help\Working\Output\Website\icons\xna.gif
C:\Program Files (x86)\EWSoftware\Sandcastle Help File Builder\PresentationStyles\VS2013\scripts\branding.js -&gt; c:\ci\jenkins\workspace\EmberPlusSharp_Windows_AnyCpu_Release\Lawo.EmberPlusDoc\Help\Working\Output\Website\scripts\branding.js
C:\Program Files (x86)\EWSoftware\Sandcastle Help File Builder\PresentationStyles\VS2013\styles\branding-cs-CZ.css -&gt; c:\ci\jenkins\workspace\EmberPlusSharp_Windows_AnyCpu_Release\Lawo.EmberPlusDoc\Help\Working\Output\Website\styles\branding-cs-CZ.css
C:\Program Files (x86)\EWSoftware\Sandcastle Help File Builder\PresentationStyles\VS2013\styles\branding-de-DE.css -&gt; c:\ci\jenkins\workspace\EmberPlusSharp_Windows_AnyCpu_Release\Lawo.EmberPlusDoc\Help\Working\Output\Website\styles\branding-de-DE.css
C:\Program Files (x86)\EWSoftware\Sandcastle Help File Builder\PresentationStyles\VS2013\styles\branding-en-US.css -&gt; c:\ci\jenkins\workspace\EmberPlusSharp_Windows_AnyCpu_Release\Lawo.EmberPlusDoc\Help\Working\Output\Website\styles\branding-en-US.css
C:\Program Files (x86)\EWSoftware\Sandcastle Help File Builder\PresentationStyles\VS2013\styles\branding-es-ES.css -&gt; c:\ci\jenkins\workspace\EmberPlusSharp_Windows_AnyCpu_Release\Lawo.EmberPlusDoc\Help\Working\Output\Website\styles\branding-es-ES.css
C:\Program Files (x86)\EWSoftware\Sandcastle Help File Builder\PresentationStyles\VS2013\styles\branding-fr-FR.css -&gt; c:\ci\jenkins\workspace\EmberPlusSharp_Windows_AnyCpu_Release\Lawo.EmberPlusDoc\Help\Working\Output\Website\styles\branding-fr-FR.css
C:\Program Files (x86)\EWSoftware\Sandcastle Help File Builder\PresentationStyles\VS2013\styles\branding-Help1.css -&gt; c:\ci\jenkins\workspace\EmberPlusSharp_Windows_AnyCpu_Release\Lawo.EmberPlusDoc\Help\Working\Output\Website\styles\branding-Help1.css
C:\Program Files (x86)\EWSoftware\Sandcastle Help File Builder\PresentationStyles\VS2013\styles\branding-HelpViewer.css -&gt; c:\ci\jenkins\workspace\EmberPlusSharp_Windows_AnyCpu_Release\Lawo.EmberPlusDoc\Help\Working\Output\Website\styles\branding-HelpViewer.css
C:\Program Files (x86)\EWSoftware\Sandcastle Help File Builder\PresentationStyles\VS2013\styles\branding-it-IT.css -&gt; c:\ci\jenkins\workspace\EmberPlusSharp_Windows_AnyCpu_Release\Lawo.EmberPlusDoc\Help\Working\Output\Website\styles\branding-it-IT.css
C:\Program Files (x86)\EWSoftware\Sandcastle Help File Builder\PresentationStyles\VS2013\styles\branding-ja-JP.css -&gt; c:\ci\jenkins\workspace\EmberPlusSharp_Windows_AnyCpu_Release\Lawo.EmberPlusDoc\Help\Working\Output\Website\styles\branding-ja-JP.css
C:\Program Files (x86)\EWSoftware\Sandcastle Help File Builder\PresentationStyles\VS2013\styles\branding-ko-KR.css -&gt; c:\ci\jenkins\workspace\EmberPlusSharp_Windows_AnyCpu_Release\Lawo.EmberPlusDoc\Help\Working\Output\Website\styles\branding-ko-KR.css
C:\Program Files (x86)\EWSoftware\Sandcastle Help File Builder\PresentationStyles\VS2013\styles\branding-pl-PL.css -&gt; c:\ci\jenkins\workspace\EmberPlusSharp_Windows_AnyCpu_Release\Lawo.EmberPlusDoc\Help\Working\Output\Website\styles\branding-pl-PL.css
C:\Program Files (x86)\EWSoftware\Sandcastle Help File Builder\PresentationStyles\VS2013\styles\branding-pt-BR.css -&gt; c:\ci\jenkins\workspace\EmberPlusSharp_Windows_AnyCpu_Release\Lawo.EmberPlusDoc\Help\Working\Output\Website\styles\branding-pt-BR.css
C:\Program Files (x86)\EWSoftware\Sandcastle Help File Builder\PresentationStyles\VS2013\styles\branding-ru-RU.css -&gt; c:\ci\jenkins\workspace\EmberPlusSharp_Windows_AnyCpu_Release\Lawo.EmberPlusDoc\Help\Working\Output\Website\styles\branding-ru-RU.css
C:\Program Files (x86)\EWSoftware\Sandcastle Help File Builder\PresentationStyles\VS2013\styles\branding-tr-TR.css -&gt; c:\ci\jenkins\workspace\EmberPlusSharp_Windows_AnyCpu_Release\Lawo.EmberPlusDoc\Help\Working\Output\Website\styles\branding-tr-TR.css
C:\Program Files (x86)\EWSoftware\Sandcastle Help File Builder\PresentationStyles\VS2013\styles\branding-Website.css -&gt; c:\ci\jenkins\workspace\EmberPlusSharp_Windows_AnyCpu_Release\Lawo.EmberPlusDoc\Help\Working\Output\Website\styles\branding-Website.css
C:\Program Files (x86)\EWSoftware\Sandcastle Help File Builder\PresentationStyles\VS2013\styles\branding-zh-CN.css -&gt; c:\ci\jenkins\workspace\EmberPlusSharp_Windows_AnyCpu_Release\Lawo.EmberPlusDoc\Help\Working\Output\Website\styles\branding-zh-CN.css
C:\Program Files (x86)\EWSoftware\Sandcastle Help File Builder\PresentationStyles\VS2013\styles\branding-zh-TW.css -&gt; c:\ci\jenkins\workspace\EmberPlusSharp_Windows_AnyCpu_Release\Lawo.EmberPlusDoc\Help\Working\Output\Website\styles\branding-zh-TW.css
C:\Program Files (x86)\EWSoftware\Sandcastle Help File Builder\PresentationStyles\VS2013\styles\branding.css -&gt; c:\ci\jenkins\workspace\EmberPlusSharp_Windows_AnyCpu_Release\Lawo.EmberPlusDoc\Help\Working\Output\Website\styles\branding.css
C:\Program Files (x86)\EWSoftware\Sandcastle Help File Builder\PresentationStyles\VS2013\Web\index.html -&gt; c:\ci\jenkins\workspace\EmberPlusSharp_Windows_AnyCpu_Release\Lawo.EmberPlusDoc\Help\Working\Output\Website\index.html
C:\Program Files (x86)\EWSoftware\Sandcastle Help File Builder\PresentationStyles\VS2013\Web\search.html -&gt; c:\ci\jenkins\workspace\EmberPlusSharp_Windows_AnyCpu_Release\Lawo.EmberPlusDoc\Help\Working\Output\Website\search.html
C:\Program Files (x86)\EWSoftware\Sandcastle Help File Builder\PresentationStyles\VS2013\Web\SearchHelp.aspx -&gt; c:\ci\jenkins\workspace\EmberPlusSharp_Windows_AnyCpu_Release\Lawo.EmberPlusDoc\Help\Working\Output\Website\SearchHelp.aspx
C:\Program Files (x86)\EWSoftware\Sandcastle Help File Builder\PresentationStyles\VS2013\Web\SearchHelp.inc.php -&gt; c:\ci\jenkins\workspace\EmberPlusSharp_Windows_AnyCpu_Release\Lawo.EmberPlusDoc\Help\Working\Output\Website\SearchHelp.inc.php
C:\Program Files (x86)\EWSoftware\Sandcastle Help File Builder\PresentationStyles\VS2013\Web\SearchHelp.php -&gt; c:\ci\jenkins\workspace\EmberPlusSharp_Windows_AnyCpu_Release\Lawo.EmberPlusDoc\Help\Working\Output\Website\SearchHelp.php
C:\Program Files (x86)\EWSoftware\Sandcastle Help File Builder\PresentationStyles\VS2013\Web\Web.Config -&gt; c:\ci\jenkins\workspace\EmberPlusSharp_Windows_AnyCpu_Release\Lawo.EmberPlusDoc\Help\Working\Output\Website\Web.Config
C:\Program Files (x86)\EWSoftware\Sandcastle Help File Builder\PresentationStyles\VS2013\Web\icons\Search.png -&gt; c:\ci\jenkins\workspace\EmberPlusSharp_Windows_AnyCpu_Release\Lawo.EmberPlusDoc\Help\Working\Output\Website\icons\Search.png
C:\Program Files (x86)\EWSoftware\Sandcastle Help File Builder\PresentationStyles\VS2013\Web\icons\TocClose.gif -&gt; c:\ci\jenkins\workspace\EmberPlusSharp_Windows_AnyCpu_Release\Lawo.EmberPlusDoc\Help\Working\Output\Website\icons\TocClose.gif
C:\Program Files (x86)\EWSoftware\Sandcastle Help File Builder\PresentationStyles\VS2013\Web\icons\TocCollapsed.gif -&gt; c:\ci\jenkins\workspace\EmberPlusSharp_Windows_AnyCpu_Release\Lawo.EmberPlusDoc\Help\Working\Output\Website\icons\TocCollapsed.gif
C:\Program Files (x86)\EWSoftware\Sandcastle Help File Builder\PresentationStyles\VS2013\Web\icons\TocExpanded.gif -&gt; c:\ci\jenkins\workspace\EmberPlusSharp_Windows_AnyCpu_Release\Lawo.EmberPlusDoc\Help\Working\Output\Website\icons\TocExpanded.gif
C:\Program Files (x86)\EWSoftware\Sandcastle Help File Builder\PresentationStyles\VS2013\Web\icons\TocOpen.gif -&gt; c:\ci\jenkins\workspace\EmberPlusSharp_Windows_AnyCpu_Release\Lawo.EmberPlusDoc\Help\Working\Output\Website\icons\TocOpen.gif
C:\Program Files (x86)\EWSoftware\Sandcastle Help File Builder\PresentationStyles\VS2013\Web\scripts\branding-Website.js -&gt; c:\ci\jenkins\workspace\EmberPlusSharp_Windows_AnyCpu_Release\Lawo.EmberPlusDoc\Help\Working\Output\Website\scripts\branding-Website.js
C:\Program Files (x86)\EWSoftware\Sandcastle Help File Builder\PresentationStyles\VS2013\Web\scripts\jquery-1.11.0.min.js -&gt; c:\ci\jenkins\workspace\EmberPlusSharp_Windows_AnyCpu_Release\Lawo.EmberPlusDoc\Help\Working\Output\Website\scripts\jquery-1.11.0.min.js
    Last step completed in 00:00:00,3438
</buildStep>
<buildStep step="GenerateHelpFormatTableOfContents">
Generating website table of contents file...
    Last step completed in 00:00:00,0000
</buildStep>
<buildStep step="GenerateFullTextIndex">
Generating full-text index for the website...

<plugIn name="Lightweight Website Style" behavior="After" priority="1000">
Adding lightweight search and TOC elements to each topic...
</plugIn>    Last step completed in 00:00:18,3125
</buildStep>
<buildStep step="CopyingWebsiteFiles">
Copying website files to output folder...

Copied 500 files
Copied 1000 files
Copied 1450 files for the website content
    Last step completed in 00:00:01,9531
</buildStep>
<buildStep step="CleanIntermediates">
Removing intermediate files...
    Last step completed in 00:00:00,4531
</buildStep>
<buildStep step="Completed">

Build completed successfully at 08.10.2015 22:03:29.  Total time: 00:00:54,4689

</buildStep>
</shfbBuild>
